<?xml version="1.0" encoding="UTF-8"?>
<!-- Generated by org.testng.reporters.JUnitReportReporter -->
<testsuite skipped="0" hostname="Homestudio" name="com.noorteck.qa.test.FruitTest" tests="4" failures="0" timestamp="2022-09-30T18:23:20 EDT" time="0.005" errors="0">
  <testcase name="cucumber" time="0.003" classname="com.noorteck.qa.test.FruitTest"/>
  <system-out/>
  <testcase name="orange" time="0.001" classname="com.noorteck.qa.test.FruitTest"/>
  <system-out/>
  <testcase name="banana" time="0.001" classname="com.noorteck.qa.test.FruitTest"/>
  <system-out/>
  <testcase name="apple" time="0.000" classname="com.noorteck.qa.test.FruitTest"/>
  <system-out/>
</testsuite> <!-- com.noorteck.qa.test.FruitTest -->
