<?xml version="1.0" encoding="UTF-8"?>
<!-- Generated by org.testng.reporters.JUnitReportReporter -->
<testsuite skipped="0" hostname="Homestudio" name="com.noorteck.qa.test.EbayTest" tests="8" failures="0" timestamp="2022-10-02T21:18:57 EDT" time="416.483" errors="0">
  <testcase name="test1" time="41.974" classname="com.noorteck.qa.test.EbayTest"/>
  <system-out/>
  <testcase name="test3" time="177.348" classname="com.noorteck.qa.test.EbayTest"/>
  <system-out/>
  <testcase name="test3" time="25.590" classname="com.noorteck.qa.test.EbayTest"/>
  <system-out/>
  <testcase name="test2" time="28.868" classname="com.noorteck.qa.test.EbayTest"/>
  <system-out/>
  <testcase name="test2" time="34.039" classname="com.noorteck.qa.test.EbayTest"/>
  <system-out/>
  <testcase name="test4" time="15.829" classname="com.noorteck.qa.test.EbayTest"/>
  <system-out/>
  <testcase name="test1" time="65.433" classname="com.noorteck.qa.test.EbayTest"/>
  <system-out/>
  <testcase name="test4" time="27.402" classname="com.noorteck.qa.test.EbayTest"/>
  <system-out/>
</testsuite> <!-- com.noorteck.qa.test.EbayTest -->
