<?xml version="1.0" encoding="UTF-8"?>
<!-- Generated by org.testng.reporters.JUnitReportReporter -->
<testsuite skipped="0" hostname="Homestudio" name="com.noorteck.qa.test.ParameterTest" tests="3" failures="0" timestamp="2022-09-30T20:06:59 EDT" time="0.029" errors="0">
  <testcase name="test1" time="0.023" classname="com.noorteck.qa.test.ParameterTest"/>
  <system-out/>
  <testcase name="test2" time="0.002" classname="com.noorteck.qa.test.ParameterTest"/>
  <system-out/>
  <testcase name="test3" time="0.004" classname="com.noorteck.qa.test.ParameterTest"/>
  <system-out/>
</testsuite> <!-- com.noorteck.qa.test.ParameterTest -->
