<?xml version="1.0" encoding="UTF-8"?>
<!-- Generated by org.testng.reporters.JUnitReportReporter -->
<testsuite skipped="0" hostname="Homestudio" name="com.noorteck.qa.test.LoginTest" tests="1" failures="0" timestamp="2022-09-30T21:40:05 EDT" time="3.765" errors="0">
  <testcase name="f" time="3.765" classname="com.noorteck.qa.test.LoginTest"/>
  <system-out/>
</testsuite> <!-- com.noorteck.qa.test.LoginTest -->
